<?xml version="1.0" encoding="utf-8"?><testsuites name="pytest tests"><testsuite name="pytest" errors="0" failures="2" skipped="0" tests="13" time="2.765" timestamp="2026-06-19T12:47:00.577416+00:00" hostname="agent-env-bc9a274a-dd37-4028-98d6-41a43244d2f4"><testcase classname="backend.tests.test_oncost_api.TestAuth" name="test_login_success_and_me" time="0.395" /><testcase classname="backend.tests.test_oncost_api.TestAuth" name="test_login_invalid" time="0.264" /><testcase classname="backend.tests.test_oncost_api.TestAuth" name="test_me_no_auth" time="0.092" /><testcase classname="backend.tests.test_oncost_api.TestProducts" name="test_list_products_count_and_pricing" time="0.049" /><testcase classname="backend.tests.test_oncost_api.TestProducts" name="test_public_products_no_sg" time="0.098" /><testcase classname="backend.tests.test_oncost_api.TestProducts" name="test_override_price_flow" time="0.237"><failure message="AssertionError: Override clear failed: got 0 vs orig 1250&#10;assert 0 == 1250">E   AssertionError: Override clear failed: got 0 vs orig 1250
    assert 0 == 1250</failure></testcase><testcase classname="backend.tests.test_oncost_api.TestProducts" name="test_visibility_toggle" time="0.311" /><testcase classname="backend.tests.test_oncost_api.TestPricingRule" name="test_get_and_update_rule" time="0.137"><failure message="AssertionError: Rule recompute failed for SG 501: sg=1150 expected=1350 got=0&#10;assert 0 == 1350">E   AssertionError: Rule recompute failed for SG 501: sg=1150 expected=1350 got=0
    assert 0 == 1350</failure></testcase><testcase classname="backend.tests.test_oncost_api.TestQuotations" name="test_create_quotation" time="0.091" /><testcase classname="backend.tests.test_oncost_api.TestQuotations" name="test_public_share_and_pdf" time="0.195" /><testcase classname="backend.tests.test_oncost_api.TestQuotations" name="test_toggle_quotation" time="0.432" /><testcase classname="backend.tests.test_oncost_api.TestQuotations" name="test_delete_quotation" time="0.271" /><testcase classname="backend.tests.test_oncost_api.TestQuotations" name="test_cleanup_remaining_quotations" time="0.128" /></testsuite></testsuites>