<?xml version="1.0" encoding="utf-8"?><testsuites name="pytest tests"><testsuite name="pytest" errors="0" failures="0" skipped="0" tests="4" time="1.996" timestamp="2026-06-19T12:46:52.801600+00:00" hostname="agent-env-bc9a274a-dd37-4028-98d6-41a43244d2f4"><testcase classname="backend.tests.test_image_upload.TestProductImageUpload" name="test_upload_no_auth_returns_401" time="0.740" /><testcase classname="backend.tests.test_image_upload.TestProductImageUpload" name="test_upload_non_image_returns_400" time="0.107" /><testcase classname="backend.tests.test_image_upload.TestProductImageUpload" name="test_upload_valid_jpg_updates_product" time="0.754" /><testcase classname="backend.tests.test_image_upload.TestProductImageUpload" name="test_upload_png_works" time="0.236" /></testsuite></testsuites>