<?xml version="1.0" encoding="utf-8"?><testsuites name="pytest tests"><testsuite name="pytest" errors="0" failures="0" skipped="0" tests="17" time="3.933" timestamp="2026-06-19T12:47:32.672937+00:00" hostname="agent-env-bc9a274a-dd37-4028-98d6-41a43244d2f4"><testcase classname="backend.tests.test_oncost_api.TestAuth" name="test_login_success_and_me" time="0.439" /><testcase classname="backend.tests.test_oncost_api.TestAuth" name="test_login_invalid" time="0.268" /><testcase classname="backend.tests.test_oncost_api.TestAuth" name="test_me_no_auth" time="0.090" /><testcase classname="backend.tests.test_oncost_api.TestProducts" name="test_list_products_count_and_pricing" time="0.051" /><testcase classname="backend.tests.test_oncost_api.TestProducts" name="test_public_products_no_sg" time="0.098" /><testcase classname="backend.tests.test_oncost_api.TestProducts" name="test_override_price_flow" time="0.228" /><testcase classname="backend.tests.test_oncost_api.TestProducts" name="test_visibility_toggle" time="0.280" /><testcase classname="backend.tests.test_oncost_api.TestPricingRule" name="test_get_and_update_rule" time="0.175" /><testcase classname="backend.tests.test_oncost_api.TestQuotations" name="test_create_quotation" time="0.091" /><testcase classname="backend.tests.test_oncost_api.TestQuotations" name="test_public_share_and_pdf" time="0.199" /><testcase classname="backend.tests.test_oncost_api.TestQuotations" name="test_toggle_quotation" time="0.358" /><testcase classname="backend.tests.test_oncost_api.TestQuotations" name="test_delete_quotation" time="0.222" /><testcase classname="backend.tests.test_oncost_api.TestQuotations" name="test_cleanup_remaining_quotations" time="0.132" /><testcase classname="backend.tests.test_image_upload.TestProductImageUpload" name="test_upload_no_auth_returns_401" time="0.526" /><testcase classname="backend.tests.test_image_upload.TestProductImageUpload" name="test_upload_non_image_returns_400" time="0.090" /><testcase classname="backend.tests.test_image_upload.TestProductImageUpload" name="test_upload_valid_jpg_updates_product" time="0.392" /><testcase classname="backend.tests.test_image_upload.TestProductImageUpload" name="test_upload_png_works" time="0.203" /></testsuite></testsuites>