<?xml version="1.0" encoding="utf-8"?><testsuites name="pytest tests"><testsuite name="pytest" errors="0" failures="0" skipped="0" tests="13" time="3.325" timestamp="2026-06-19T12:08:17.458789+00:00" hostname="agent-env-bc9a274a-dd37-4028-98d6-41a43244d2f4"><testcase classname="backend.tests.test_oncost_api.TestAuth" name="test_login_success_and_me" time="0.542" /><testcase classname="backend.tests.test_oncost_api.TestAuth" name="test_login_invalid" time="0.278" /><testcase classname="backend.tests.test_oncost_api.TestAuth" name="test_me_no_auth" time="0.123" /><testcase classname="backend.tests.test_oncost_api.TestProducts" name="test_list_products_count_and_pricing" time="0.055" /><testcase classname="backend.tests.test_oncost_api.TestProducts" name="test_public_products_no_sg" time="0.155" /><testcase classname="backend.tests.test_oncost_api.TestProducts" name="test_override_price_flow" time="0.265" /><testcase classname="backend.tests.test_oncost_api.TestProducts" name="test_visibility_toggle" time="0.331" /><testcase classname="backend.tests.test_oncost_api.TestPricingRule" name="test_get_and_update_rule" time="0.207" /><testcase classname="backend.tests.test_oncost_api.TestQuotations" name="test_create_quotation" time="0.109" /><testcase classname="backend.tests.test_oncost_api.TestQuotations" name="test_public_share_and_pdf" time="0.292" /><testcase classname="backend.tests.test_oncost_api.TestQuotations" name="test_toggle_quotation" time="0.393" /><testcase classname="backend.tests.test_oncost_api.TestQuotations" name="test_delete_quotation" time="0.253" /><testcase classname="backend.tests.test_oncost_api.TestQuotations" name="test_cleanup_remaining_quotations" time="0.148" /></testsuite></testsuites>